e:\visual studio\grapher\grapher\debug\vc141.pdb
e:\visual studio\grapher\grapher\debug\vc141.idb
e:\visual studio\grapher\grapher\debug\shape_array.obj
e:\visual studio\grapher\grapher\debug\grapher.obj
e:\visual studio\grapher\grapher\debug\main.obj
e:\visual studio\grapher\grapher\debug\straightline.obj
e:\visual studio\grapher\grapher\debug\shape.obj
e:\visual studio\grapher\grapher\debug\polygon.obj
e:\visual studio\grapher\grapher\debug\point_array.obj
e:\visual studio\grapher\grapher\debug\point.obj
e:\visual studio\grapher\grapher\debug\line_array.obj
e:\visual studio\grapher\grapher\debug\graphics.obj
e:\visual studio\grapher\grapher\debug\coordinate_system.obj
e:\visual studio\grapher\debug\grapher.exe
e:\visual studio\grapher\debug\grapher.ilk
e:\visual studio\grapher\debug\grapher.pdb
e:\visual studio\grapher\grapher\debug\grapher.tlog\cl.command.1.tlog
e:\visual studio\grapher\grapher\debug\grapher.tlog\cl.read.1.tlog
e:\visual studio\grapher\grapher\debug\grapher.tlog\cl.write.1.tlog
e:\visual studio\grapher\grapher\debug\grapher.tlog\link.command.1.tlog
e:\visual studio\grapher\grapher\debug\grapher.tlog\link.read.1.tlog
e:\visual studio\grapher\grapher\debug\grapher.tlog\link.write.1.tlog
